<?xml version="1.0" encoding="UTF-8"?>
<!-- Generated by org.testng.reporters.JUnitReportReporter -->
<testsuite hostname="DESKTOP-1TEHGD1" failures="0" tests="2" name="org.test.components.LoginTest" time="6.590" errors="0" timestamp="2024-10-28T19:08:17 IST" skipped="0">
  <testcase classname="org.test.components.LoginTest" name="signUpTc01" time="3.011"/>
  <testcase classname="org.test.components.LoginTest" name="loginTC01" time="3.579"/>
</testsuite> <!-- org.test.components.LoginTest -->
