<?xml version="1.0" encoding="UTF-8"?>
<!-- Generated by org.testng.reporters.JUnitReportReporter -->
<testsuite hostname="DESKTOP-1TEHGD1" failures="0" tests="1" name="org.test.components.LoginTest" time="4.759" errors="0" timestamp="2024-11-04T16:41:05 IST" skipped="0">
  <testcase classname="org.test.components.LoginTest" name="loginTC01" time="4.759"/>
</testsuite> <!-- org.test.components.LoginTest -->
